Arguments: 
  C:\Program Files\nodejs\node.exe C:\Users\19076\AppData\Roaming\npm\node_modules\yarn\bin\yarn.js add wenpack-cli --dev

PATH: 
  C:\WINDOWS\system32;C:\WINDOWS;C:\WINDOWS\System32\Wbem;C:\WINDOWS\System32\WindowsPowerShell\v1.0\;C:\WINDOWS\System32\OpenSSH\;C:\Program Files\nodejs\;C:\Program Files\Git\cmd;C:\Program Files\TortoiseSVN\bin;C:\Program Files\Docker\Docker\resources\bin;C:\ProgramData\DockerDesktop\version-bin;D:\应用\wechat_devtools\微信web开发者工具\dll;C:\Users\19076\AppData\Local\Microsoft\WindowsApps;C:\Users\19076\AppData\Local\Programs\Microsoft VS Code\bin;C:\Users\19076\AppData\Roaming\npm;D:\应用\Vscode\Microsoft VS Code Insiders\bin;C:\Users\19076\AppData\Local\GitHubDesktop\bin;D:\应用\Markdown\Markdown Monster;C:\Users\19076\AppData\Local\Microsoft\WindowsApps

Yarn version: 
  1.22.19

Node version: 
  16.17.0

Platform: 
  win32 x64

Trace: 
  Error: https://registry.yarnpkg.com/wenpack-cli: Not found
      at Request.params.callback [as _callback] (C:\Users\19076\AppData\Roaming\npm\node_modules\yarn\lib\cli.js:66145:18)
      at Request.self.callback (C:\Users\19076\AppData\Roaming\npm\node_modules\yarn\lib\cli.js:140890:22)
      at Request.emit (node:events:513:28)
      at Request.<anonymous> (C:\Users\19076\AppData\Roaming\npm\node_modules\yarn\lib\cli.js:141862:10)
      at Request.emit (node:events:513:28)
      at IncomingMessage.<anonymous> (C:\Users\19076\AppData\Roaming\npm\node_modules\yarn\lib\cli.js:141784:12)
      at Object.onceWrapper (node:events:627:28)
      at IncomingMessage.emit (node:events:525:35)
      at endReadableNT (node:internal/streams/readable:1358:12)
      at processTicksAndRejections (node:internal/process/task_queues:83:21)

npm manifest: 
  {
    "name": "tree-test",
    "version": "1.0.0",
    "description": "",
    "main": "index.js",
    "scripts": {
      "test": "echo \"Error: no test specified\" && exit 1"
    },
    "repository": {
      "type": "git",
      "url": "git+https://github.com/Big-cai/tree-test.git"
    },
    "keywords": [],
    "author": "",
    "license": "ISC",
    "bugs": {
      "url": "https://github.com/Big-cai/tree-test/issues"
    },
    "homepage": "https://github.com/Big-cai/tree-test#readme"
  }

yarn manifest: 
  No manifest

Lockfile: 
  No lockfile
